
I, [2015-05-26T12:48:31.448902 #16204]  INFO -- : 

**********************************************
I, [2015-05-26T12:48:31.448902 #16204]  INFO -- : Program Started
I, [2015-05-26T12:48:31.448902 #16204]  INFO -- : Log in started
I, [2015-05-26T12:48:34.489351 #16204]  INFO -- : Log in completed
I, [2015-05-26T12:48:36.092644 #16204]  INFO -- : **********************************************
I, [2015-05-26T16:16:21.674581 #18600]  INFO -- : 

**********************************************
I, [2015-05-26T16:16:21.674581 #18600]  INFO -- : Program Started
I, [2015-05-26T16:16:21.674581 #18600]  INFO -- : Log in started
I, [2015-05-26T16:16:24.698999 #18600]  INFO -- : Log in completed
E, [2015-05-26T16:16:24.998238 #18600] ERROR -- : 404 => Net::HTTPNotFound for https://www.getabstract.com/Download.do?action=download&dataId=999999&format=1&u=microsoft -- unhandled response
E, [2015-05-26T16:16:24.998238 #18600] ERROR -- : ["C:/RUBY193/lib/ruby/gems/1.9.1/gems/mechanize-2.7.3/lib/mechanize/http/agent.rb:308:in `fetch'", "C:/RUBY193/lib/ruby/gems/1.9.1/gems/mechanize-2.7.3/lib/mechanize.rb:440:in `get'", "./getAbstract.rb:15:in `downloadFile'", "./getAbstract.rb:81:in `test'", "./getAbstract.rb:98:in `<main>'"]
I, [2015-05-26T16:19:24.757931 #16964]  INFO -- : 

**********************************************
I, [2015-05-26T16:19:24.757931 #16964]  INFO -- : Program Started
I, [2015-05-26T16:19:24.757931 #16964]  INFO -- : Log in started
I, [2015-05-26T16:19:27.705286 #16964]  INFO -- : Log in completed
I, [2015-05-26T16:20:06.039931 #21932]  INFO -- : 

**********************************************
I, [2015-05-26T16:20:06.040932 #21932]  INFO -- : Program Started
I, [2015-05-26T16:20:06.040932 #21932]  INFO -- : Log in started
I, [2015-05-26T16:20:08.897214 #21932]  INFO -- : Log in completed
I, [2015-05-26T16:20:09.185444 #21932]  INFO -- : Program Started
I, [2015-05-26T17:11:00.115049 #13864]  INFO -- : 

**********************************************
I, [2015-05-26T17:11:00.116050 #13864]  INFO -- : Program Started
I, [2015-05-26T17:11:00.116050 #13864]  INFO -- : Log in started
I, [2015-05-26T17:11:02.999372 #13864]  INFO -- : Log in completed
I, [2015-05-26T17:11:03.275595 #13864]  INFO -- : Program Started
I, [2015-05-26T17:20:38.898229 #11496]  INFO -- : 

**********************************************
I, [2015-05-26T17:20:38.898229 #11496]  INFO -- : Program Started
I, [2015-05-26T17:20:38.898229 #11496]  INFO -- : Log in started
I, [2015-05-26T17:20:41.775548 #11496]  INFO -- : Log in completed
E, [2015-05-26T17:20:42.191883 #11496] ERROR -- : unexpected '$' after ''
E, [2015-05-26T17:20:42.191883 #11496] ERROR -- : ["C:/RUBY193/lib/ruby/gems/1.9.1/gems/nokogiri-1.6.6.2-x86-mingw32/lib/nokogiri/css/parser_extras.rb:87:in `on_error'", "(eval):3:in `_racc_do_parse_c'", "(eval):3:in `do_parse'", "C:/RUBY193/lib/ruby/gems/1.9.1/gems/nokogiri-1.6.6.2-x86-mingw32/lib/nokogiri/css/parser_extras.rb:62:in `parse'", "C:/RUBY193/lib/ruby/gems/1.9.1/gems/nokogiri-1.6.6.2-x86-mingw32/lib/nokogiri/css/parser_extras.rb:79:in `xpath_for'", "C:/RUBY193/lib/ruby/gems/1.9.1/gems/nokogiri-1.6.6.2-x86-mingw32/lib/nokogiri/css.rb:23:in `xpath_for'", "C:/RUBY193/lib/ruby/gems/1.9.1/gems/nokogiri-1.6.6.2-x86-mingw32/lib/nokogiri/xml/searchable.rb:198:in `block in xpath_query_from_css_rule'", "C:/RUBY193/lib/ruby/gems/1.9.1/gems/nokogiri-1.6.6.2-x86-mingw32/lib/nokogiri/xml/searchable.rb:197:in `map'", "C:/RUBY193/lib/ruby/gems/1.9.1/gems/nokogiri-1.6.6.2-x86-mingw32/lib/nokogiri/xml/searchable.rb:197:in `xpath_query_from_css_rule'", "C:/RUBY193/lib/ruby/gems/1.9.1/gems/nokogiri-1.6.6.2-x86-mingw32/lib/nokogiri/xml/searchable.rb:192:in `block in css_internal'", "C:/RUBY193/lib/ruby/gems/1.9.1/gems/nokogiri-1.6.6.2-x86-mingw32/lib/nokogiri/xml/searchable.rb:192:in `map'", "C:/RUBY193/lib/ruby/gems/1.9.1/gems/nokogiri-1.6.6.2-x86-mingw32/lib/nokogiri/xml/searchable.rb:192:in `css_internal'", "C:/RUBY193/lib/ruby/gems/1.9.1/gems/nokogiri-1.6.6.2-x86-mingw32/lib/nokogiri/xml/searchable.rb:107:in `css'", "./getAbstract.rb:11:in `getElement'", "./getAbstract.rb:81:in `block in extractBooks'", "C:/RUBY193/lib/ruby/gems/1.9.1/gems/mechanize-2.7.3/lib/mechanize.rb:442:in `get'", "./getAbstract.rb:80:in `extractBooks'", "./getAbstract.rb:105:in `<main>'"]
I, [2015-05-26T17:21:19.774152 #4424]  INFO -- : 

**********************************************
I, [2015-05-26T17:21:19.774152 #4424]  INFO -- : Program Started
I, [2015-05-26T17:21:19.774152 #4424]  INFO -- : Log in started
I, [2015-05-26T17:21:22.587419 #4424]  INFO -- : Log in completed
I, [2015-05-26T17:22:26.026515 #11844]  INFO -- : 

**********************************************
I, [2015-05-26T17:22:26.026515 #11844]  INFO -- : Program Started
I, [2015-05-26T17:22:26.026515 #11844]  INFO -- : Log in started
I, [2015-05-26T17:22:28.778732 #11844]  INFO -- : Log in completed
I, [2015-05-26T17:22:58.064321 #17540]  INFO -- : 

**********************************************
I, [2015-05-26T17:22:58.065322 #17540]  INFO -- : Program Started
I, [2015-05-26T17:22:58.065322 #17540]  INFO -- : Log in started
I, [2015-05-26T17:23:00.854569 #17540]  INFO -- : Log in completed
I, [2015-05-26T17:23:01.253890 #17540]  INFO -- : **********************************************
I, [2015-05-26T17:23:25.813671 #15724]  INFO -- : 

**********************************************
I, [2015-05-26T17:23:25.813671 #15724]  INFO -- : Program Started
I, [2015-05-26T17:23:25.813671 #15724]  INFO -- : Log in started
I, [2015-05-26T17:23:28.560886 #15724]  INFO -- : Log in completed
I, [2015-05-26T17:23:29.025258 #15724]  INFO -- : **********************************************
I, [2015-05-26T17:35:23.278554 #11232]  INFO -- : 

**********************************************
I, [2015-05-26T17:35:23.278554 #11232]  INFO -- : Program Started
I, [2015-05-26T17:35:23.278554 #11232]  INFO -- : Log in started
I, [2015-05-26T17:35:26.205910 #11232]  INFO -- : Log in completed
I, [2015-05-26T17:36:04.377655 #16048]  INFO -- : 

**********************************************
I, [2015-05-26T17:36:04.377655 #16048]  INFO -- : Program Started
I, [2015-05-26T17:36:04.377655 #16048]  INFO -- : Log in started
I, [2015-05-26T17:36:07.300010 #16048]  INFO -- : Log in completed
I, [2015-05-26T17:36:07.775392 #16048]  INFO -- : **********************************************
I, [2015-05-26T17:46:32.094250 #3680]  INFO -- : 

**********************************************
I, [2015-05-26T17:46:32.094250 #3680]  INFO -- : Program Started
I, [2015-05-26T17:46:32.095251 #3680]  INFO -- : Log in started
I, [2015-05-26T17:46:35.339865 #3680]  INFO -- : Log in completed
I, [2015-05-26T17:47:54.816475 #11372]  INFO -- : 

**********************************************
I, [2015-05-26T17:47:54.816475 #11372]  INFO -- : Program Started
I, [2015-05-26T17:47:54.816475 #11372]  INFO -- : Log in started
I, [2015-05-26T17:47:57.713863 #11372]  INFO -- : Log in completed
I, [2015-05-26T17:48:34.055835 #16876]  INFO -- : 

**********************************************
I, [2015-05-26T17:48:34.056836 #16876]  INFO -- : Program Started
I, [2015-05-26T17:48:34.056836 #16876]  INFO -- : Log in started
I, [2015-05-26T17:48:36.932207 #16876]  INFO -- : Log in completed
I, [2015-05-26T17:48:37.407599 #16876]  INFO -- : **********************************************
I, [2015-05-27T16:45:18.469956 #8020]  INFO -- : 

**********************************************
I, [2015-05-27T16:45:18.469956 #8020]  INFO -- : Program Started
I, [2015-05-27T16:45:18.469956 #8020]  INFO -- : Log in started
I, [2015-05-27T16:45:21.704562 #8020]  INFO -- : Log in completed
I, [2015-05-27T16:50:24.451408 #15504]  INFO -- : 

**********************************************
I, [2015-05-27T16:50:24.451408 #15504]  INFO -- : Program Started
I, [2015-05-27T16:50:24.451408 #15504]  INFO -- : Log in started
I, [2015-05-27T16:50:27.561913 #15504]  INFO -- : Log in completed
I, [2015-05-27T16:50:39.926873 #21080]  INFO -- : 

**********************************************
I, [2015-05-27T16:50:39.926873 #21080]  INFO -- : Program Started
I, [2015-05-27T16:50:39.926873 #21080]  INFO -- : Log in started
I, [2015-05-27T16:50:42.911277 #21080]  INFO -- : Log in completed
I, [2015-05-27T16:50:43.293584 #21080]  INFO -- : **********************************************
I, [2015-05-27T17:03:13.833563 #13692]  INFO -- : 

**********************************************
I, [2015-05-27T17:03:13.834564 #13692]  INFO -- : Program Started
I, [2015-05-27T17:03:13.834564 #13692]  INFO -- : Log in started
I, [2015-05-27T17:03:17.024153 #13692]  INFO -- : Log in completed
I, [2015-05-27T17:03:27.299495 #26200]  INFO -- : 

**********************************************
I, [2015-05-27T17:03:27.299495 #26200]  INFO -- : Program Started
I, [2015-05-27T17:03:27.299495 #26200]  INFO -- : Log in started
I, [2015-05-27T17:03:30.299932 #26200]  INFO -- : Log in completed
I, [2015-05-27T17:03:30.693251 #26200]  INFO -- : **********************************************
I, [2015-05-27T17:12:05.278774 #11232]  INFO -- : 

**********************************************
I, [2015-05-27T17:12:05.278774 #11232]  INFO -- : Program Started
I, [2015-05-27T17:12:05.278774 #11232]  INFO -- : Log in started
I, [2015-05-27T17:12:08.447327 #11232]  INFO -- : Log in completed
I, [2015-05-27T17:15:22.140335 #27164]  INFO -- : 

**********************************************
I, [2015-05-27T17:15:22.140335 #27164]  INFO -- : Program Started
I, [2015-05-27T17:15:22.140335 #27164]  INFO -- : Log in started
I, [2015-05-27T17:15:25.223819 #27164]  INFO -- : Log in completed
I, [2015-05-27T17:15:25.616135 #27164]  INFO -- : **********************************************
I, [2015-05-27T17:17:30.856009 #27140]  INFO -- : 

**********************************************
I, [2015-05-27T17:17:30.856009 #27140]  INFO -- : Program Started
I, [2015-05-27T17:17:30.856009 #27140]  INFO -- : Log in started
I, [2015-05-27T17:17:33.898461 #27140]  INFO -- : Log in completed
I, [2015-05-27T17:17:34.269760 #27140]  INFO -- : **********************************************
I, [2015-05-27T17:18:12.227332 #27476]  INFO -- : 

**********************************************
I, [2015-05-27T17:18:12.227332 #27476]  INFO -- : Program Started
I, [2015-05-27T17:18:12.227332 #27476]  INFO -- : Log in started
I, [2015-05-27T17:18:15.260775 #27476]  INFO -- : Log in completed
I, [2015-05-27T17:18:15.632074 #27476]  INFO -- : **********************************************
I, [2015-05-27T17:19:50.138195 #27212]  INFO -- : 

**********************************************
I, [2015-05-27T17:19:50.138195 #27212]  INFO -- : Program Started
I, [2015-05-27T17:19:50.138195 #27212]  INFO -- : Log in started
I, [2015-05-27T17:19:53.201662 #27212]  INFO -- : Log in completed
I, [2015-05-27T17:19:53.594979 #27212]  INFO -- : **********************************************
I, [2015-05-27T17:22:34.657706 #12048]  INFO -- : 

**********************************************
I, [2015-05-27T17:22:34.657706 #12048]  INFO -- : Program Started
I, [2015-05-27T17:22:34.657706 #12048]  INFO -- : Log in started
I, [2015-05-27T17:22:37.724176 #12048]  INFO -- : Log in completed
I, [2015-05-27T17:22:38.073458 #12048]  INFO -- : **********************************************
I, [2015-05-27T17:43:02.625540 #26828]  INFO -- : 

**********************************************
I, [2015-05-27T17:43:02.654564 #26828]  INFO -- : Program Started
I, [2015-05-27T17:43:02.654564 #26828]  INFO -- : Log in started
I, [2015-05-27T17:43:05.806102 #26828]  INFO -- : Log in completed
I, [2015-05-27T17:43:06.215432 #26828]  INFO -- : **********************************************
I, [2015-05-27T17:43:36.628928 #1652]  INFO -- : 

**********************************************
I, [2015-05-27T17:43:36.628928 #1652]  INFO -- : Program Started
I, [2015-05-27T17:43:36.628928 #1652]  INFO -- : Log in started
I, [2015-05-27T17:43:40.408972 #1652]  INFO -- : Log in completed
I, [2015-05-27T17:43:40.769263 #1652]  INFO -- : **********************************************
I, [2015-05-27T17:48:26.805465 #7116]  INFO -- : 

**********************************************
I, [2015-05-27T17:48:26.805465 #7116]  INFO -- : Program Started
I, [2015-05-27T17:48:26.805465 #7116]  INFO -- : Log in started
I, [2015-05-27T17:48:30.057083 #7116]  INFO -- : Log in completed
I, [2015-05-27T17:48:30.478423 #7116]  INFO -- : **********************************************
I, [2015-05-27T18:38:45.851947 #30304]  INFO -- : 

**********************************************
I, [2015-05-27T18:38:45.851947 #30304]  INFO -- : Program Started
I, [2015-05-27T18:38:45.851947 #30304]  INFO -- : Log in started
I, [2015-05-27T18:38:48.999482 #30304]  INFO -- : Log in completed
I, [2015-05-27T18:39:09.640322 #30304]  INFO -- : **********************************************
I, [2015-05-27T18:47:29.859094 #30552]  INFO -- : 

**********************************************
I, [2015-05-27T18:47:29.859094 #30552]  INFO -- : Program Started
I, [2015-05-27T18:47:29.859094 #30552]  INFO -- : Log in started
I, [2015-05-27T18:47:58.762430 #28744]  INFO -- : 

**********************************************
I, [2015-05-27T18:47:58.762430 #28744]  INFO -- : Program Started
I, [2015-05-27T18:47:58.762430 #28744]  INFO -- : Log in started
I, [2015-05-27T18:48:02.053079 #28744]  INFO -- : Log in completed
I, [2015-05-27T18:48:23.106037 #28744]  INFO -- : **********************************************
I, [2015-05-27T18:49:22.823134 #28044]  INFO -- : 

**********************************************
I, [2015-05-27T18:49:22.824135 #28044]  INFO -- : Program Started
I, [2015-05-27T18:49:22.824135 #28044]  INFO -- : Log in started
I, [2015-05-27T18:49:25.921631 #28044]  INFO -- : Log in completed
I, [2015-05-27T18:49:38.385670 #30472]  INFO -- : 

**********************************************
I, [2015-05-27T18:49:38.385670 #30472]  INFO -- : Program Started
I, [2015-05-27T18:49:38.385670 #30472]  INFO -- : Log in started
I, [2015-05-27T18:49:41.354061 #30472]  INFO -- : Log in completed
I, [2015-05-27T18:49:41.748380 #30472]  INFO -- : **********************************************
I, [2015-05-27T18:49:55.952819 #28236]  INFO -- : 

**********************************************
I, [2015-05-27T18:49:55.953820 #28236]  INFO -- : Program Started
I, [2015-05-27T18:49:55.953820 #28236]  INFO -- : Log in started
I, [2015-05-27T18:49:58.909201 #28236]  INFO -- : Log in completed
I, [2015-05-27T18:49:59.371574 #28236]  INFO -- : **********************************************
I, [2015-05-27T18:56:45.100367 #31016]  INFO -- : 

**********************************************
I, [2015-05-27T18:56:45.100367 #31016]  INFO -- : Program Started
I, [2015-05-27T18:56:45.100367 #31016]  INFO -- : Log in started
I, [2015-05-27T18:56:48.163834 #31016]  INFO -- : Log in completed
I, [2015-05-27T19:07:17.710379 #31592]  INFO -- : 

**********************************************
I, [2015-05-27T19:07:17.711380 #31592]  INFO -- : Program Started
I, [2015-05-27T19:07:17.711380 #31592]  INFO -- : Log in started
I, [2015-05-27T19:07:20.854910 #31592]  INFO -- : Log in completed
I, [2015-05-27T19:07:42.569204 #32352]  INFO -- : 

**********************************************
I, [2015-05-27T19:07:42.569204 #32352]  INFO -- : Program Started
I, [2015-05-27T19:07:42.569204 #32352]  INFO -- : Log in started
I, [2015-05-27T19:07:46.662501 #32352]  INFO -- : Log in completed
I, [2015-05-27T19:12:08.030612 #33972]  INFO -- : 

**********************************************
I, [2015-05-27T19:12:08.030612 #33972]  INFO -- : Program Started
I, [2015-05-27T19:12:08.030612 #33972]  INFO -- : Log in started
I, [2015-05-27T19:12:11.166398 #33972]  INFO -- : Log in completed
I, [2015-05-27T19:15:40.606434 #33916]  INFO -- : 

**********************************************
I, [2015-05-27T19:15:40.606434 #33916]  INFO -- : Program Started
I, [2015-05-27T19:15:40.606434 #33916]  INFO -- : Log in started
I, [2015-05-27T19:15:43.668980 #33916]  INFO -- : Log in completed
I, [2015-05-27T19:18:45.081750 #34304]  INFO -- : 

**********************************************
I, [2015-05-27T19:18:45.081750 #34304]  INFO -- : Program Started
I, [2015-05-27T19:18:45.081750 #34304]  INFO -- : Log in started
I, [2015-05-27T19:18:48.258390 #34304]  INFO -- : Log in completed
I, [2015-05-27T19:19:54.457408 #35760]  INFO -- : 

**********************************************
I, [2015-05-27T19:19:54.457408 #35760]  INFO -- : Program Started
I, [2015-05-27T19:19:54.457408 #35760]  INFO -- : Log in started
I, [2015-05-27T19:19:57.594015 #35760]  INFO -- : Log in completed
I, [2015-05-27T19:20:11.496570 #33760]  INFO -- : 

**********************************************
I, [2015-05-27T19:20:11.497571 #33760]  INFO -- : Program Started
I, [2015-05-27T19:20:11.497571 #33760]  INFO -- : Log in started
I, [2015-05-27T19:20:14.547104 #33760]  INFO -- : Log in completed
